Flow report for snake-game-fpga
Mon Nov 17 21:44:02 2025
Quartus Prime Version 18.1.0 Build 625 09/12/2018 SJ Lite Edition


---------------------
; Table of Contents ;
---------------------
  1. Legal Notice
  2. Flow Summary
  3. Flow Settings
  4. Flow Non-Default Global Settings
  5. Flow Elapsed Time
  6. Flow OS Summary
  7. Flow Log
  8. Flow Messages
  9. Flow Suppressed Messages



----------------
; Legal Notice ;
----------------
Copyright (C) 2018  Intel Corporation. All rights reserved.
Your use of Intel Corporation's design tools, logic functions 
and other software and tools, and its AMPP partner logic 
functions, and any output files from any of the foregoing 
(including device programming or simulation files), and any 
associated documentation or information are expressly subject 
to the terms and conditions of the Intel Program License 
Subscription Agreement, the Intel Quartus Prime License Agreement,
the Intel FPGA IP License Agreement, or other applicable license
agreement, including, without limitation, that your use is for
the sole purpose of programming logic devices manufactured by
Intel and sold by Intel or its authorized distributors.  Please
refer to the applicable agreement for further details.



+----------------------------------------------------------------------------------+
; Flow Summary                                                                     ;
+------------------------------------+---------------------------------------------+
; Flow Status                        ; Successful - Mon Nov 17 21:43:53 2025       ;
; Quartus Prime Version              ; 18.1.0 Build 625 09/12/2018 SJ Lite Edition ;
; Revision Name                      ; snake-game-fpga                             ;
; Top-level Entity Name              ; snake-game-fpga                             ;
; Family                             ; MAX 10                                      ;
; Device                             ; 10M50DAF484C7G                              ;
; Timing Models                      ; Final                                       ;
; Total logic elements               ; 645 / 49,760 ( 1 % )                        ;
;     Total combinational functions  ; 502 / 49,760 ( 1 % )                        ;
;     Dedicated logic registers      ; 469 / 49,760 ( < 1 % )                      ;
; Total registers                    ; 469                                         ;
; Total pins                         ; 35 / 360 ( 10 % )                           ;
; Total virtual pins                 ; 0                                           ;
; Total memory bits                  ; 928 / 1,677,312 ( < 1 % )                   ;
; Embedded Multiplier 9-bit elements ; 0 / 288 ( 0 % )                             ;
; Total PLLs                         ; 0 / 4 ( 0 % )                               ;
; UFM blocks                         ; 0 / 1 ( 0 % )                               ;
; ADC blocks                         ; 0 / 2 ( 0 % )                               ;
+------------------------------------+---------------------------------------------+


+-----------------------------------------+
; Flow Settings                           ;
+-------------------+---------------------+
; Option            ; Setting             ;
+-------------------+---------------------+
; Start date & time ; 11/17/2025 21:42:24 ;
; Main task         ; Compilation         ;
; Revision Name     ; snake-game-fpga     ;
+-------------------+---------------------+


+--------------------------------------------------------------------------------------------------------------------------------------------------------------------------------+
; Flow Non-Default Global Settings                                                                                                                                               ;
+-------------------------------------+-----------------------------------------------------------------------------------+---------------+-------------------+------------------+
; Assignment Name                     ; Value                                                                             ; Default Value ; Entity Name       ; Section Id       ;
+-------------------------------------+-----------------------------------------------------------------------------------+---------------+-------------------+------------------+
; COMPILER_SIGNATURE_ID               ; 123598314765110.176342654318468                                                   ; --            ; --                ; --               ;
; ENABLE_SIGNALTAP                    ; On                                                                                ; --            ; --                ; --               ;
; MAX_CORE_JUNCTION_TEMP              ; 85                                                                                ; --            ; --                ; --               ;
; MIN_CORE_JUNCTION_TEMP              ; 0                                                                                 ; --            ; --                ; --               ;
; MISC_FILE                           ; sentido.bsf                                                                       ; --            ; --                ; --               ;
; MISC_FILE                           ; sentido_inst.vhd                                                                  ; --            ; --                ; --               ;
; MISC_FILE                           ; sentido.cmp                                                                       ; --            ; --                ; --               ;
; MISC_FILE                           ; counter.bsf                                                                       ; --            ; --                ; --               ;
; MISC_FILE                           ; counter.cmp                                                                       ; --            ; --                ; --               ;
; OUTPUT_IO_TIMING_FAR_END_VMEAS      ; Half Signal Swing                                                                 ; --            ; --                ; --               ;
; OUTPUT_IO_TIMING_FAR_END_VMEAS      ; Half Signal Swing                                                                 ; --            ; --                ; --               ;
; OUTPUT_IO_TIMING_NEAR_END_VMEAS     ; Half Vccio                                                                        ; --            ; --                ; --               ;
; OUTPUT_IO_TIMING_NEAR_END_VMEAS     ; Half Vccio                                                                        ; --            ; --                ; --               ;
; PARTITION_COLOR                     ; -- (Not supported for targeted family)                                            ; --            ; DE10_LITE_Default ; Top              ;
; PARTITION_COLOR                     ; -- (Not supported for targeted family)                                            ; --            ; --                ; Top              ;
; PARTITION_FITTER_PRESERVATION_LEVEL ; -- (Not supported for targeted family)                                            ; --            ; DE10_LITE_Default ; Top              ;
; PARTITION_FITTER_PRESERVATION_LEVEL ; -- (Not supported for targeted family)                                            ; --            ; --                ; Top              ;
; PARTITION_NETLIST_TYPE              ; -- (Not supported for targeted family)                                            ; --            ; DE10_LITE_Default ; Top              ;
; PARTITION_NETLIST_TYPE              ; -- (Not supported for targeted family)                                            ; --            ; --                ; Top              ;
; POWER_BOARD_THERMAL_MODEL           ; None (CONSERVATIVE)                                                               ; --            ; --                ; --               ;
; POWER_PRESET_COOLING_SOLUTION       ; 23 MM HEAT SINK WITH 200 LFPM AIRFLOW                                             ; --            ; --                ; --               ;
; PROJECT_OUTPUT_DIRECTORY            ; output_files                                                                      ; --            ; --                ; --               ;
; SLD_FILE                            ; db/stp5_auto_stripped.stp                                                         ; --            ; --                ; --               ;
; SLD_NODE_CREATOR_ID                 ; 110                                                                               ; --            ; --                ; auto_signaltap_0 ;
; SLD_NODE_ENTITY_NAME                ; sld_signaltap                                                                     ; --            ; --                ; auto_signaltap_0 ;
; SLD_NODE_PARAMETER_ASSIGNMENT       ; SLD_RAM_BLOCK_TYPE=AUTO                                                           ; --            ; --                ; auto_signaltap_0 ;
; SLD_NODE_PARAMETER_ASSIGNMENT       ; SLD_NODE_INFO=805334528                                                           ; --            ; --                ; auto_signaltap_0 ;
; SLD_NODE_PARAMETER_ASSIGNMENT       ; SLD_POWER_UP_TRIGGER=0                                                            ; --            ; --                ; auto_signaltap_0 ;
; SLD_NODE_PARAMETER_ASSIGNMENT       ; SLD_STORAGE_QUALIFIER_INVERSION_MASK_LENGTH=0                                     ; --            ; --                ; auto_signaltap_0 ;
; SLD_NODE_PARAMETER_ASSIGNMENT       ; SLD_SEGMENT_SIZE=128                                                              ; --            ; --                ; auto_signaltap_0 ;
; SLD_NODE_PARAMETER_ASSIGNMENT       ; SLD_ATTRIBUTE_MEM_MODE=OFF                                                        ; --            ; --                ; auto_signaltap_0 ;
; SLD_NODE_PARAMETER_ASSIGNMENT       ; SLD_STATE_FLOW_USE_GENERATED=0                                                    ; --            ; --                ; auto_signaltap_0 ;
; SLD_NODE_PARAMETER_ASSIGNMENT       ; SLD_STATE_BITS=11                                                                 ; --            ; --                ; auto_signaltap_0 ;
; SLD_NODE_PARAMETER_ASSIGNMENT       ; SLD_BUFFER_FULL_STOP=1                                                            ; --            ; --                ; auto_signaltap_0 ;
; SLD_NODE_PARAMETER_ASSIGNMENT       ; SLD_CURRENT_RESOURCE_WIDTH=1                                                      ; --            ; --                ; auto_signaltap_0 ;
; SLD_NODE_PARAMETER_ASSIGNMENT       ; SLD_INCREMENTAL_ROUTING=1                                                         ; --            ; --                ; auto_signaltap_0 ;
; SLD_NODE_PARAMETER_ASSIGNMENT       ; SLD_TRIGGER_LEVEL=1                                                               ; --            ; --                ; auto_signaltap_0 ;
; SLD_NODE_PARAMETER_ASSIGNMENT       ; SLD_SAMPLE_DEPTH=128                                                              ; --            ; --                ; auto_signaltap_0 ;
; SLD_NODE_PARAMETER_ASSIGNMENT       ; SLD_TRIGGER_IN_ENABLED=0                                                          ; --            ; --                ; auto_signaltap_0 ;
; SLD_NODE_PARAMETER_ASSIGNMENT       ; SLD_TRIGGER_PIPELINE=0                                                            ; --            ; --                ; auto_signaltap_0 ;
; SLD_NODE_PARAMETER_ASSIGNMENT       ; SLD_RAM_PIPELINE=0                                                                ; --            ; --                ; auto_signaltap_0 ;
; SLD_NODE_PARAMETER_ASSIGNMENT       ; SLD_COUNTER_PIPELINE=0                                                            ; --            ; --                ; auto_signaltap_0 ;
; SLD_NODE_PARAMETER_ASSIGNMENT       ; SLD_TRIGGER_LEVEL_PIPELINE=1                                                      ; --            ; --                ; auto_signaltap_0 ;
; SLD_NODE_PARAMETER_ASSIGNMENT       ; SLD_DATA_BITS=4                                                                   ; --            ; --                ; auto_signaltap_0 ;
; SLD_NODE_PARAMETER_ASSIGNMENT       ; SLD_STORAGE_QUALIFIER_BITS=4                                                      ; --            ; --                ; auto_signaltap_0 ;
; SLD_NODE_PARAMETER_ASSIGNMENT       ; SLD_INVERSION_MASK=000000000000000000000                                          ; --            ; --                ; auto_signaltap_0 ;
; SLD_NODE_PARAMETER_ASSIGNMENT       ; SLD_INVERSION_MASK_LENGTH=21                                                      ; --            ; --                ; auto_signaltap_0 ;
; SLD_NODE_PARAMETER_ASSIGNMENT       ; SLD_ENABLE_ADVANCED_TRIGGER=1                                                     ; --            ; --                ; auto_signaltap_0 ;
; SLD_NODE_PARAMETER_ASSIGNMENT       ; SLD_TRIGGER_BITS=1                                                                ; --            ; --                ; auto_signaltap_0 ;
; SLD_NODE_PARAMETER_ASSIGNMENT       ; SLD_ADVANCED_TRIGGER_ENTITY=sld_reserved_snake_game_fpga_auto_signaltap_0_1_21ea, ; --            ; --                ; auto_signaltap_0 ;
; USE_SIGNALTAP_FILE                  ; output_files/stp5.stp                                                             ; --            ; --                ; --               ;
+-------------------------------------+-----------------------------------------------------------------------------------+---------------+-------------------+------------------+


+--------------------------------------------------------------------------------------------------------------------------+
; Flow Elapsed Time                                                                                                        ;
+----------------------+--------------+-------------------------+---------------------+------------------------------------+
; Module Name          ; Elapsed Time ; Average Processors Used ; Peak Virtual Memory ; Total CPU Time (on all processors) ;
+----------------------+--------------+-------------------------+---------------------+------------------------------------+
; Analysis & Synthesis ; 00:00:48     ; 1.0                     ; 4845 MB             ; 00:01:29                           ;
; Partition Merge      ; 00:00:04     ; 1.0                     ; 4687 MB             ; 00:00:03                           ;
; Fitter               ; 00:00:21     ; 1.1                     ; 5667 MB             ; 00:00:28                           ;
; Assembler            ; 00:00:08     ; 1.0                     ; 4684 MB             ; 00:00:08                           ;
; Timing Analyzer      ; 00:00:08     ; 1.2                     ; 4824 MB             ; 00:00:08                           ;
; Total                ; 00:01:29     ; --                      ; --                  ; 00:02:16                           ;
+----------------------+--------------+-------------------------+---------------------+------------------------------------+


+------------------------------------------------------------------------------------+
; Flow OS Summary                                                                    ;
+----------------------+------------------+------------+------------+----------------+
; Module Name          ; Machine Hostname ; OS Name    ; OS Version ; Processor type ;
+----------------------+------------------+------------+------------+----------------+
; Analysis & Synthesis ; LAPTOP-R9HQLQ6P  ; Windows 10 ; 10.0       ; x86_64         ;
; Partition Merge      ; LAPTOP-R9HQLQ6P  ; Windows 10 ; 10.0       ; x86_64         ;
; Fitter               ; LAPTOP-R9HQLQ6P  ; Windows 10 ; 10.0       ; x86_64         ;
; Assembler            ; LAPTOP-R9HQLQ6P  ; Windows 10 ; 10.0       ; x86_64         ;
; Timing Analyzer      ; LAPTOP-R9HQLQ6P  ; Windows 10 ; 10.0       ; x86_64         ;
+----------------------+------------------+------------+------------+----------------+


------------
; Flow Log ;
------------
quartus_map --read_settings_files=on --write_settings_files=off snake-game-fpga -c snake-game-fpga
quartus_cdb --read_settings_files=off --write_settings_files=off snake-game-fpga -c snake-game-fpga --merge=on
quartus_fit --read_settings_files=off --write_settings_files=off snake-game-fpga -c snake-game-fpga
quartus_asm --read_settings_files=off --write_settings_files=off snake-game-fpga -c snake-game-fpga
quartus_sta snake-game-fpga -c snake-game-fpga



